<?xml version="1.0" encoding="UTF-8" standalone="yes"?>
<testsuites name="AllTestUnits" tests="2" failures="0" errors="0" time="0.800918">
    <testsuite tests="2" failures="0" errors="0" time="0.800918" timestamp="2015-04-29T13:28:33GMT+02:00" name="Toplevel Test Suite">
        <testcase classname="HelloWorldFastLaneTests" name="testExample" time="0.028551"></testcase>
        <testcase classname="HelloWorldFastLaneTests" name="testPerformanceExample" time="0.771629">
            <system-out>&lt;unknown&gt;:0: Test Case '-[HelloWorldFastLaneTests.HelloWorldFastLaneTests testPerformanceExample]' measured [Time, seconds] average: 0.000, relative standard deviation: 98.158%, values: [0.000005, 0.000001, 0.000001, 0.000001, 0.000001, 0.000001, 0.000001, 0.000001, 0.000001, 0.000001], performanceMetricID:com.apple.XCTPerformanceMetric_WallClockTime, baselineName: "", baselineAverage: , maxPercentRegression: 10.000%, maxPercentRelativeStandardDeviation: 10.000%, maxRegression: 0.100, maxStandardDeviation: 0.100
</system-out>
        </testcase>
    </testsuite>
</testsuites>